<?xml version="1.0" encoding="UTF-8"?>
<!-- Generated by org.testng.reporters.JUnitReportReporter -->
<testsuite skipped="0" hostname="Golam-PC2" name="com.userapi.testCases.TC003_POST_Employee_Record" tests="4" failures="0" timestamp="2019-12-31T10:44:37 EST" time="0.014" errors="0">
  <testcase name="checkContentType" time="0.002" classname="com.userapi.testCases.TC003_POST_Employee_Record"/>
  <testcase name="checkResposeBody" time="0.004" classname="com.userapi.testCases.TC003_POST_Employee_Record"/>
  <testcase name="checkstatusLine" time="0.004" classname="com.userapi.testCases.TC003_POST_Employee_Record"/>
  <testcase name="checkStatusCode" time="0.004" classname="com.userapi.testCases.TC003_POST_Employee_Record"/>
</testsuite> <!-- com.userapi.testCases.TC003_POST_Employee_Record -->
