<?xml version="1.0" encoding="UTF-8"?>
<!-- Generated by org.testng.reporters.JUnitReportReporter -->
<testsuite skipped="0" hostname="Golam-PC2" name="com.userapi.testCases.TC001_GET_All_Employees" tests="9" failures="0" timestamp="2019-12-31T10:44:37 EST" time="0.251" errors="0">
  <testcase name="checkSContentEncoding" time="0.008" classname="com.userapi.testCases.TC001_GET_All_Employees"/>
  <testcase name="checkResponseBody" time="0.084" classname="com.userapi.testCases.TC001_GET_All_Employees"/>
  <testcase name="checkCookies" time="0.012" classname="com.userapi.testCases.TC001_GET_All_Employees"/>
  <testcase name="checkStatusCode" time="0.007" classname="com.userapi.testCases.TC001_GET_All_Employees"/>
  <testcase name="checkContentType" time="0.019" classname="com.userapi.testCases.TC001_GET_All_Employees"/>
  <testcase name="checkServerType" time="0.020" classname="com.userapi.testCases.TC001_GET_All_Employees"/>
  <testcase name="checkRespondTime" time="0.035" classname="com.userapi.testCases.TC001_GET_All_Employees"/>
  <testcase name="checkStatusLine" time="0.029" classname="com.userapi.testCases.TC001_GET_All_Employees"/>
  <testcase name="checkSContentLength" time="0.037" classname="com.userapi.testCases.TC001_GET_All_Employees"/>
</testsuite> <!-- com.userapi.testCases.TC001_GET_All_Employees -->
